<?xml version="1.0" encoding="utf-8"?>
<?AutomationStudio Version="4.6.3.55 SP"?>
<Objects>
  <Object
    Path="C:\Users\mcjah\OneDrive\Documents\testing1\Logical\Package.pkg"
    LogicalPath=""
    Type="Package.ParentUnknown"
    LastWriteTime="132968163807071255" />
  <Object
    Path="C:\Users\mcjah\OneDrive\Documents\testing1\Logical\Global.typ"
    LogicalPath="Global.typ"
    Type="File"
    LastWriteTime="132968094447988391"
    Private="false" />
  <Object
    Path="C:\Users\mcjah\OneDrive\Documents\testing1\Logical\Global.var"
    LogicalPath="Global.var"
    Type="File"
    LastWriteTime="132968094447988391"
    Private="false" />
  <Object
    Path="C:\Users\mcjah\OneDrive\Documents\testing1\Logical\Libraries\Package.pkg"
    LogicalPath="Libraries"
    Type="Package"
    LastWriteTime="132968094448080204" />
  <Object
    Path="C:\Users\mcjah\OneDrive\Documents\testing1\Logical\Libraries\operator\binary.lby"
    LogicalPath="Libraries.operator"
    Type="Library"
    LastWriteTime="132968094448129980" />
  <Object
    Path="C:\Users\mcjah\OneDrive\Documents\testing1\Logical\Libraries\operator\operator.fun"
    LogicalPath="Libraries.operator.operator.fun"
    Type="File"
    LastWriteTime="132968094448129980"
    Private="false" />
  <Object
    Path="C:\Users\mcjah\OneDrive\Documents\testing1\Logical\Libraries\operator\operator.typ"
    LogicalPath="Libraries.operator.operator.typ"
    Type="File"
    LastWriteTime="132968094448129980"
    Private="false" />
  <Object
    Path="C:\Users\mcjah\OneDrive\Documents\testing1\Logical\Libraries\operator\operator.var"
    LogicalPath="Libraries.operator.operator.var"
    Type="File"
    LastWriteTime="132968094448139942"
    Private="false" />
  <Object
    Path="C:\Users\mcjah\OneDrive\Documents\testing1\Logical\Libraries\runtime\binary.lby"
    LogicalPath="Libraries.runtime"
    Type="Library"
    LastWriteTime="132968094448159884" />
  <Object
    Path="C:\Users\mcjah\OneDrive\Documents\testing1\Logical\Libraries\runtime\runtime.fun"
    LogicalPath="Libraries.runtime.runtime.fun"
    Type="File"
    LastWriteTime="132968094448169846"
    Private="false" />
  <Object
    Path="C:\Users\mcjah\OneDrive\Documents\testing1\Logical\Libraries\runtime\runtime.typ"
    LogicalPath="Libraries.runtime.runtime.typ"
    Type="File"
    LastWriteTime="132968094448169846"
    Private="false" />
  <Object
    Path="C:\Users\mcjah\OneDrive\Documents\testing1\Logical\Libraries\runtime\runtime.var"
    LogicalPath="Libraries.runtime.runtime.var"
    Type="File"
    LastWriteTime="132968094448179823"
    Private="false" />
  <Object
    Path="C:\Users\mcjah\OneDrive\Documents\testing1\Logical\Libraries\astime\binary.lby"
    LogicalPath="Libraries.astime"
    Type="Library"
    LastWriteTime="132968094448110042" />
  <Object
    Path="C:\Users\mcjah\OneDrive\Documents\testing1\Logical\Libraries\astime\astime.fun"
    LogicalPath="Libraries.astime.astime.fun"
    Type="File"
    LastWriteTime="132968094448100077"
    Private="false" />
  <Object
    Path="C:\Users\mcjah\OneDrive\Documents\testing1\Logical\Libraries\astime\astime.typ"
    LogicalPath="Libraries.astime.astime.typ"
    Type="File"
    LastWriteTime="132968094448100077"
    Private="false" />
  <Object
    Path="C:\Users\mcjah\OneDrive\Documents\testing1\Logical\Libraries\astime\astime.var"
    LogicalPath="Libraries.astime.astime.var"
    Type="File"
    LastWriteTime="132968094448110042"
    Private="false" />
  <Object
    Path="C:\Users\mcjah\OneDrive\Documents\testing1\Logical\Libraries\AsIecCon\binary.lby"
    LogicalPath="Libraries.AsIecCon"
    Type="Library"
    LastWriteTime="132968094448080204" />
  <Object
    Path="C:\Users\mcjah\OneDrive\Documents\testing1\Logical\Libraries\AsIecCon\AsIecCon.fun"
    LogicalPath="Libraries.AsIecCon.AsIecCon.fun"
    Type="File"
    LastWriteTime="132968094448050244"
    Private="false" />
  <Object
    Path="C:\Users\mcjah\OneDrive\Documents\testing1\Logical\Libraries\AsIecCon\AsIecCon.typ"
    LogicalPath="Libraries.AsIecCon.AsIecCon.typ"
    Type="File"
    LastWriteTime="132968094448050244"
    Private="false" />
  <Object
    Path="C:\Users\mcjah\OneDrive\Documents\testing1\Logical\Libraries\AsIecCon\AsIecCon.var"
    LogicalPath="Libraries.AsIecCon.AsIecCon.var"
    Type="File"
    LastWriteTime="132968094448060233"
    Private="false" />
  <Object
    Path="C:\Users\mcjah\OneDrive\Documents\testing1\Logical\Libraries\AsBrStr\binary.lby"
    LogicalPath="Libraries.AsBrStr"
    Type="Library"
    LastWriteTime="132968094448040293" />
  <Object
    Path="C:\Users\mcjah\OneDrive\Documents\testing1\Logical\Libraries\AsBrStr\AsBrStr.fun"
    LogicalPath="Libraries.AsBrStr.AsBrStr.fun"
    Type="File"
    LastWriteTime="132968094447998319"
    Private="false" />
  <Object
    Path="C:\Users\mcjah\OneDrive\Documents\testing1\Logical\Libraries\AsBrStr\AsBrStr.typ"
    LogicalPath="Libraries.AsBrStr.AsBrStr.typ"
    Type="File"
    LastWriteTime="132968094448008287"
    Private="false" />
  <Object
    Path="C:\Users\mcjah\OneDrive\Documents\testing1\Logical\Libraries\AsBrStr\AsBrStr.var"
    LogicalPath="Libraries.AsBrStr.AsBrStr.var"
    Type="File"
    LastWriteTime="132968094448015347"
    Private="false" />
  <Object
    Path="C:\Users\mcjah\OneDrive\Documents\testing1\Logical\mappView\Package.pkg"
    LogicalPath="mappView"
    Type="Package"
    LastWriteTime="132968094448288532" />
  <Object
    Path="C:\Users\mcjah\OneDrive\Documents\testing1\Logical\mappView\Layouts\Package.pkg"
    LogicalPath="mappView.Layouts"
    Type="Package"
    LastWriteTime="132968094448278570" />
  <Object
    Path="C:\Users\mcjah\OneDrive\Documents\testing1\Logical\mappView\Widgets\Package.pkg"
    LogicalPath="mappView.Widgets"
    Type="Package"
    LastWriteTime="132968094448454906" />
  <Object
    Path="C:\Users\mcjah\OneDrive\Documents\testing1\Logical\mappView\Resources\Package.pkg"
    LogicalPath="mappView.Resources"
    Type="Package"
    LastWriteTime="132968094448298493" />
  <Object
    Path="C:\Users\mcjah\OneDrive\Documents\testing1\Logical\mappView\Resources\Texts\Package.pkg"
    LogicalPath="mappView.Resources.Texts"
    Type="Package"
    LastWriteTime="132968094448308456" />
  <Object
    Path="C:\Users\mcjah\OneDrive\Documents\testing1\Logical\mappView\Resources\Snippets\Package.pkg"
    LogicalPath="mappView.Resources.Snippets"
    Type="Package"
    LastWriteTime="132968094448298493" />
  <Object
    Path="C:\Users\mcjah\OneDrive\Documents\testing1\Logical\mappView\Resources\Themes\Package.pkg"
    LogicalPath="mappView.Resources.Themes"
    Type="Package"
    LastWriteTime="132968094448318425" />
  <Object
    Path="C:\Users\mcjah\OneDrive\Documents\testing1\Logical\mappView\Resources\Media\Package.pkg"
    LogicalPath="mappView.Resources.Media"
    Type="Package"
    LastWriteTime="132968094448298493" />
  <Object
    Path="C:\Users\mcjah\OneDrive\Documents\testing1\Logical\mappView\Visualization\Package.pkg"
    LogicalPath="mappView.Visualization"
    Type="Package"
    LastWriteTime="132968094448365229" />
  <Object
    Path="C:\Users\mcjah\OneDrive\Documents\testing1\Logical\mappView\Visualization\Pages\Package.pkg"
    LogicalPath="mappView.Visualization.Pages"
    Type="Package"
    LastWriteTime="132968094448395092" />
  <Object
    Path="C:\Users\mcjah\OneDrive\Documents\testing1\Logical\mappView\Visualization\Pages\AreaContents\Package.pkg"
    LogicalPath="mappView.Visualization.Pages.AreaContents"
    Type="Package"
    LastWriteTime="132968094448385642" />
  <Object
    Path="C:\Users\mcjah\OneDrive\Documents\testing1\Logical\mappView\Visualization\Pages\AreaContents\Navigation.content"
    LogicalPath="mappView.Visualization.Pages.AreaContents.Navigation.content"
    Type="File"
    LastWriteTime="132968094448385642"
    Private="false" />
  <Object
    Path="C:\Users\mcjah\OneDrive\Documents\testing1\Logical\mappView\Visualization\Pages\Page1\Package.pkg"
    LogicalPath="mappView.Visualization.Pages.Page1"
    Type="Package"
    LastWriteTime="132968094448395092" />
  <Object
    Path="C:\Users\mcjah\OneDrive\Documents\testing1\Logical\mappView\Visualization\Pages\Page1\Page.page"
    LogicalPath="mappView.Visualization.Pages.Page1.Page.page"
    Type="File"
    LastWriteTime="132968094448405305"
    Private="false" />
  <Object
    Path="C:\Users\mcjah\OneDrive\Documents\testing1\Logical\mappView\Visualization\Pages\Page1\Page1_content.content"
    LogicalPath="mappView.Visualization.Pages.Page1.Page1_content.content"
    Type="File"
    LastWriteTime="132968094448405305"
    Private="false" />
  <Object
    Path="C:\Users\mcjah\OneDrive\Documents\testing1\Logical\mappView\Visualization\Pages\Page2\Package.pkg"
    LogicalPath="mappView.Visualization.Pages.Page2"
    Type="Package"
    LastWriteTime="132968094448415032" />
  <Object
    Path="C:\Users\mcjah\OneDrive\Documents\testing1\Logical\mappView\Visualization\Pages\Page2\Page.page"
    LogicalPath="mappView.Visualization.Pages.Page2.Page.page"
    Type="File"
    LastWriteTime="132968094448415032"
    Private="false" />
  <Object
    Path="C:\Users\mcjah\OneDrive\Documents\testing1\Logical\mappView\Visualization\Pages\Page2\Page2_content.content"
    LogicalPath="mappView.Visualization.Pages.Page2.Page2_content.content"
    Type="File"
    LastWriteTime="132968094448415032"
    Private="false" />
  <Object
    Path="C:\Users\mcjah\OneDrive\Documents\testing1\Logical\mappView\Visualization\Variables\Package.pkg"
    LogicalPath="mappView.Visualization.Variables"
    Type="Package"
    LastWriteTime="132968094448444933" />
  <Object
    Path="C:\Users\mcjah\OneDrive\Documents\testing1\Logical\mappView\Visualization\Expressions\Package.pkg"
    LogicalPath="mappView.Visualization.Expressions"
    Type="Package"
    LastWriteTime="132968094448355146" />
  <Object
    Path="C:\Users\mcjah\OneDrive\Documents\testing1\Logical\mappView\Visualization\Layouts\Package.pkg"
    LogicalPath="mappView.Visualization.Layouts"
    Type="Package"
    LastWriteTime="132968094448365229" />
  <Object
    Path="C:\Users\mcjah\OneDrive\Documents\testing1\Logical\mappView\Visualization\Layouts\Layout.layout"
    LogicalPath="mappView.Visualization.Layouts.Layout.layout"
    Type="File"
    LastWriteTime="132968094448355146"
    Private="false" />
  <Object
    Path="C:\Users\mcjah\OneDrive\Documents\testing1\Logical\mappView\Visualization\Dialogs\Package.pkg"
    LogicalPath="mappView.Visualization.Dialogs"
    Type="Package"
    LastWriteTime="132968094448338369" />
  <Object
    Path="C:\Users\mcjah\OneDrive\Documents\testing1\Logical\mappView\Visualization\Dialogs\AreaContents\Package.pkg"
    LogicalPath="mappView.Visualization.Dialogs.AreaContents"
    Type="Package"
    LastWriteTime="132968094448328406" />
  <Object
    Path="C:\Users\mcjah\OneDrive\Documents\testing1\Logical\mappView\Visualization\Resources\Package.pkg"
    LogicalPath="mappView.Visualization.Resources"
    Type="Package"
    LastWriteTime="132968094448424999" />
  <Object
    Path="C:\Users\mcjah\OneDrive\Documents\testing1\Logical\mappView\Visualization\Resources\Texts\Package.pkg"
    LogicalPath="mappView.Visualization.Resources.Texts"
    Type="Package"
    LastWriteTime="132968094448434961" />
  <Object
    Path="C:\Users\mcjah\OneDrive\Documents\testing1\Logical\mappView\Visualization\Resources\Snippets\Package.pkg"
    LogicalPath="mappView.Visualization.Resources.Snippets"
    Type="Package"
    LastWriteTime="132968094448434961" />
  <Object
    Path="C:\Users\mcjah\OneDrive\Documents\testing1\Logical\Program\IEC.prg"
    LogicalPath="Program"
    Type="Program"
    LastWriteTime="132968094448198522" />
  <Object
    Path="C:\Users\mcjah\OneDrive\Documents\testing1\Logical\Program\Cyclic.st"
    LogicalPath="Program.Cyclic.st"
    Type="File"
    LastWriteTime="132968094448193471"
    Private="false" />
  <Object
    Path="C:\Users\mcjah\OneDrive\Documents\testing1\Logical\Program\Init.st"
    LogicalPath="Program.Init.st"
    Type="File"
    LastWriteTime="132973300000947608"
    Private="false" />
  <Object
    Path="C:\Users\mcjah\OneDrive\Documents\testing1\Logical\Program\Exit.st"
    LogicalPath="Program.Exit.st"
    Type="File"
    LastWriteTime="132968094448194442"
    Private="false" />
  <Object
    Path="C:\Users\mcjah\OneDrive\Documents\testing1\Logical\Program\Types.typ"
    LogicalPath="Program.Types.typ"
    Type="File"
    LastWriteTime="132968094448208796"
    Private="true" />
  <Object
    Path="C:\Users\mcjah\OneDrive\Documents\testing1\Logical\Program\Variables.var"
    LogicalPath="Program.Variables.var"
    Type="File"
    LastWriteTime="132968119269791561"
    Private="true" />
  <Object
    Path="C:\Users\mcjah\OneDrive\Documents\testing1\Logical\Program1\IEC.prg"
    LogicalPath="Program1"
    Type="Program"
    LastWriteTime="132968094448228725" />
  <Object
    Path="C:\Users\mcjah\OneDrive\Documents\testing1\Logical\Program1\Cyclic.ld"
    LogicalPath="Program1.Cyclic.ld"
    Type="File"
    LastWriteTime="132968094448218764"
    Private="false" />
  <Object
    Path="C:\Users\mcjah\OneDrive\Documents\testing1\Logical\Program1\Init.ld"
    LogicalPath="Program1.Init.ld"
    Type="File"
    LastWriteTime="132968094448228725"
    Private="false" />
  <Object
    Path="C:\Users\mcjah\OneDrive\Documents\testing1\Logical\Program1\Exit.ld"
    LogicalPath="Program1.Exit.ld"
    Type="File"
    LastWriteTime="132968094448218764"
    Private="false" />
  <Object
    Path="C:\Users\mcjah\OneDrive\Documents\testing1\Logical\Program1\Types.typ"
    LogicalPath="Program1.Types.typ"
    Type="File"
    LastWriteTime="132968094448228725"
    Private="true" />
  <Object
    Path="C:\Users\mcjah\OneDrive\Documents\testing1\Logical\Program1\Variables.var"
    LogicalPath="Program1.Variables.var"
    Type="File"
    LastWriteTime="132973300000947608"
    Private="true" />
  <Object
    Path="C:\Users\mcjah\OneDrive\Documents\testing1\Logical\RevInfo\Package.pkg"
    LogicalPath="RevInfo"
    Type="Package"
    LastWriteTime="132968094448238687" />
  <Object
    Path="C:\Users\mcjah\OneDrive\Documents\testing1\Logical\RevInfo\getRevInfo.sh"
    LogicalPath="RevInfo.getRevInfo.sh"
    Type="File"
    LastWriteTime="132968094448268595"
    Private="false" />
  <Object
    Path="C:\Users\mcjah\OneDrive\Documents\testing1\Logical\RevInfo\RevInfo.var"
    LogicalPath="RevInfo.RevInfo.var"
    Type="File"
    LastWriteTime="132973310647222424"
    Private="true" />
  <Object
    Path="C:\Users\mcjah\OneDrive\Documents\testing1\Logical\RevInfo\RevInfo\IEC.prg"
    LogicalPath="RevInfo.RevInfo"
    Type="Program"
    LastWriteTime="132968094448258653" />
  <Object
    Path="C:\Users\mcjah\OneDrive\Documents\testing1\Logical\RevInfo\RevInfo\Main.st"
    LogicalPath="RevInfo.RevInfo.Main.st"
    Type="File"
    LastWriteTime="132973276453760377"
    Private="false" />
  <Object
    Path="C:\Users\mcjah\OneDrive\Documents\testing1\Logical\RevInfo\RevInfo\Types.typ"
    LogicalPath="RevInfo.RevInfo.Types.typ"
    Type="File"
    LastWriteTime="132968094448258653"
    Private="true" />
  <Object
    Path="C:\Users\mcjah\OneDrive\Documents\testing1\Logical\RevInfo\RevInfo\Variables.var"
    LogicalPath="RevInfo.RevInfo.Variables.var"
    Type="File"
    LastWriteTime="132968094448268595"
    Private="true" />
  <Object
    Path="C:\Users\mcjah\OneDrive\Documents\testing1\Logical\Program2\IEC.prg"
    LogicalPath="Program2"
    Type="Program"
    LastWriteTime="132968163807087249" />
  <Object
    Path="C:\Users\mcjah\OneDrive\Documents\testing1\Logical\Program2\Cyclic.st"
    LogicalPath="Program2.Cyclic.st"
    Type="File"
    LastWriteTime="132968163807082236"
    Private="false" />
  <Object
    Path="C:\Users\mcjah\OneDrive\Documents\testing1\Logical\Program2\Init.st"
    LogicalPath="Program2.Init.st"
    Type="File"
    LastWriteTime="132968163807087249"
    Private="false" />
  <Object
    Path="C:\Users\mcjah\OneDrive\Documents\testing1\Logical\Program2\Exit.st"
    LogicalPath="Program2.Exit.st"
    Type="File"
    LastWriteTime="132968163807087249"
    Private="false" />
  <Object
    Path="C:\Users\mcjah\OneDrive\Documents\testing1\Logical\Program2\Types.typ"
    LogicalPath="Program2.Types.typ"
    Type="File"
    LastWriteTime="132968163807097369"
    Private="true" />
  <Object
    Path="C:\Users\mcjah\OneDrive\Documents\testing1\Logical\Program2\Variables.var"
    LogicalPath="Program2.Variables.var"
    Type="File"
    LastWriteTime="132968163807123763"
    Private="true" />
  <Object
    Path="C:\Users\mcjah\OneDrive\Documents\testing1\Physical\Config1\Config.pkg"
    LogicalPath="Config1"
    Type="Configuration.ParentUnknown"
    LastWriteTime="132968094448454906" />
  <Object
    Path="C:\Users\mcjah\OneDrive\Documents\testing1\Physical\Config1\Hardware.hw"
    LogicalPath="Config1.Hardware.hw"
    Type="File"
    LastWriteTime="132973303126455775"
    Private="false" />
  <Object
    Path="C:\Users\mcjah\OneDrive\Documents\testing1\Physical\Config1\Hardware.hwl"
    LogicalPath="Config1.Hardware.hwl"
    Type="File"
    LastWriteTime="132968094448464865"
    Private="false" />
  <Object
    Path="C:\Users\mcjah\OneDrive\Documents\testing1\Physical\Config1\X20CP1586\Cpu.pkg"
    LogicalPath="Config1.X20CP1586"
    Type="Cpu"
    LastWriteTime="132968094448584449" />
  <Object
    Path="C:\Users\mcjah\OneDrive\Documents\testing1\Physical\Config1\X20CP1586\Cpu.sw"
    LogicalPath="Config1.X20CP1586.Cpu.sw"
    Type="File"
    LastWriteTime="132968094448584449"
    Private="false" />
  <Object
    Path="C:\Users\mcjah\OneDrive\Documents\testing1\Physical\Config1\X20CP1586\Cpu.per"
    LogicalPath="Config1.X20CP1586.Cpu.per"
    Type="File"
    LastWriteTime="132968094448574483"
    Private="false" />
  <Object
    Path="C:\Users\mcjah\OneDrive\Documents\testing1\Physical\Config1\X20CP1586\IoMap.iom"
    LogicalPath="Config1.X20CP1586.IoMap.iom"
    Type="File"
    LastWriteTime="132968094448584449"
    Private="false" />
  <Object
    Path="C:\Users\mcjah\OneDrive\Documents\testing1\Physical\Config1\X20CP1586\PvMap.vvm"
    LogicalPath="Config1.X20CP1586.PvMap.vvm"
    Type="File"
    LastWriteTime="132968094448594417"
    Private="false" />
  <Object
    Path="C:\Users\mcjah\OneDrive\Documents\testing1\Physical\Config1\X20CP1586\Connectivity\Package.pkg"
    LogicalPath="Config1.X20CP1586.Connectivity"
    Type="Package"
    LastWriteTime="132968094448574483" />
  <Object
    Path="C:\Users\mcjah\OneDrive\Documents\testing1\Physical\Config1\X20CP1586\Connectivity\OpcUA\Package.pkg"
    LogicalPath="Config1.X20CP1586.Connectivity.OpcUA"
    Type="Package"
    LastWriteTime="132968094448574483" />
  <Object
    Path="C:\Users\mcjah\OneDrive\Documents\testing1\Physical\Config1\X20CP1586\Connectivity\OpcUA\OpcUaMap.uad"
    LogicalPath="Config1.X20CP1586.Connectivity.OpcUA.OpcUaMap.uad"
    Type="File"
    LastWriteTime="132968094448574483"
    Private="false" />
  <Object
    Path="C:\Users\mcjah\OneDrive\Documents\testing1\Physical\Config1\X20CP1586\TextSystem\Package.pkg"
    LogicalPath="Config1.X20CP1586.TextSystem"
    Type="Package"
    LastWriteTime="132968094448594417" />
  <Object
    Path="C:\Users\mcjah\OneDrive\Documents\testing1\Physical\Config1\X20CP1586\UnitSystem\Package.pkg"
    LogicalPath="Config1.X20CP1586.UnitSystem"
    Type="Package"
    LastWriteTime="132968094448594417" />
  <Object
    Path="C:\Users\mcjah\OneDrive\Documents\testing1\Physical\Config1\X20CP1586\AccessAndSecurity\Package.pkg"
    LogicalPath="Config1.X20CP1586.AccessAndSecurity"
    Type="Package"
    LastWriteTime="132968094448554553" />
  <Object
    Path="C:\Users\mcjah\OneDrive\Documents\testing1\Physical\Config1\X20CP1586\AccessAndSecurity\UserRoleSystem\Package.pkg"
    LogicalPath="Config1.X20CP1586.AccessAndSecurity.UserRoleSystem"
    Type="Package"
    LastWriteTime="132973309213624168" />
  <Object
    Path="C:\Users\mcjah\OneDrive\Documents\testing1\Physical\Config1\X20CP1586\AccessAndSecurity\UserRoleSystem\Role.role"
    LogicalPath="Config1.X20CP1586.AccessAndSecurity.UserRoleSystem.Role.role"
    Type="File"
    LastWriteTime="132968094448564515"
    Private="false" />
  <Object
    Path="C:\Users\mcjah\OneDrive\Documents\testing1\Physical\Config1\X20CP1586\AccessAndSecurity\CertificateStore\Package.pkg"
    LogicalPath="Config1.X20CP1586.AccessAndSecurity.CertificateStore"
    Type="Package"
    LastWriteTime="132968094448534628" />
  <Object
    Path="C:\Users\mcjah\OneDrive\Documents\testing1\Physical\Config1\X20CP1586\AccessAndSecurity\CertificateStore\OwnCertificates\Package.pkg"
    LogicalPath="Config1.X20CP1586.AccessAndSecurity.CertificateStore.OwnCertificates"
    Type="Package"
    LastWriteTime="132968094448524678" />
  <Object
    Path="C:\Users\mcjah\OneDrive\Documents\testing1\Physical\Config1\X20CP1586\AccessAndSecurity\CertificateStore\OwnCertificates\Certificates\Package.pkg"
    LogicalPath="Config1.X20CP1586.AccessAndSecurity.CertificateStore.OwnCertificates.Certificates"
    Type="Package"
    LastWriteTime="132968094448514696" />
  <Object
    Path="C:\Users\mcjah\OneDrive\Documents\testing1\Physical\Config1\X20CP1586\AccessAndSecurity\CertificateStore\OwnCertificates\PrivateKeys\Package.pkg"
    LogicalPath="Config1.X20CP1586.AccessAndSecurity.CertificateStore.OwnCertificates.PrivateKeys"
    Type="Package"
    LastWriteTime="132968094448524678" />
  <Object
    Path="C:\Users\mcjah\OneDrive\Documents\testing1\Physical\Config1\X20CP1586\AccessAndSecurity\CertificateStore\ThirdPartyCertificates\Package.pkg"
    LogicalPath="Config1.X20CP1586.AccessAndSecurity.CertificateStore.ThirdPartyCertificates"
    Type="Package"
    LastWriteTime="132968094448534628" />
  <Object
    Path="C:\Users\mcjah\OneDrive\Documents\testing1\Physical\Config1\X20CP1586\AccessAndSecurity\CertificateStore\ThirdPartyCertificates\SoftwareCertificates\Package.pkg"
    LogicalPath="Config1.X20CP1586.AccessAndSecurity.CertificateStore.ThirdPartyCertificates.SoftwareCertificates"
    Type="Package"
    LastWriteTime="132968094448544583" />
  <Object
    Path="C:\Users\mcjah\OneDrive\Documents\testing1\Physical\Config1\X20CP1586\AccessAndSecurity\CertificateStore\CertificateRevocationLists\Package.pkg"
    LogicalPath="Config1.X20CP1586.AccessAndSecurity.CertificateStore.CertificateRevocationLists"
    Type="Package"
    LastWriteTime="132968094448484802" />
  <Object
    Path="C:\Users\mcjah\OneDrive\Documents\testing1\Physical\Config1\X20CP1586\AccessAndSecurity\CertificateStore\CertificateSigningRequests\Package.pkg"
    LogicalPath="Config1.X20CP1586.AccessAndSecurity.CertificateStore.CertificateSigningRequests"
    Type="Package"
    LastWriteTime="132968094448494778" />
  <Object
    Path="C:\Users\mcjah\OneDrive\Documents\testing1\Physical\Config1\X20CP1586\AccessAndSecurity\TransportLayerSecurity\Package.pkg"
    LogicalPath="Config1.X20CP1586.AccessAndSecurity.TransportLayerSecurity"
    Type="Package"
    LastWriteTime="132968094448554553" />
  <Object
    Path="C:\Users\mcjah\OneDrive\Documents\testing1\Physical\Config1\X20CP1586\AccessAndSecurity\Firewall\Package.pkg"
    LogicalPath="Config1.X20CP1586.AccessAndSecurity.Firewall"
    Type="Package"
    LastWriteTime="132968094448544583" />
  <Object
    Path="C:\Users\mcjah\OneDrive\Documents\testing1\Physical\Config1\X20CP1586\AccessAndSecurity\Firewall\Rules.firewallRules"
    LogicalPath="Config1.X20CP1586.AccessAndSecurity.Firewall.Rules.firewallRules"
    Type="File"
    LastWriteTime="132968094448544583"
    Private="false" />
  <Object
    Path="C:\Users\mcjah\OneDrive\Documents\testing1\Physical\Config1\X20CP1586\mappControl\Package.pkg"
    LogicalPath="Config1.X20CP1586.mappControl"
    Type="Package"
    LastWriteTime="132968094448604384" />
  <Object
    Path="C:\Users\mcjah\OneDrive\Documents\testing1\Physical\Config1\X20CP1586\mappMotion\Package.pkg"
    LogicalPath="Config1.X20CP1586.mappMotion"
    Type="Package"
    LastWriteTime="132968094448604384" />
  <Object
    Path="C:\Users\mcjah\OneDrive\Documents\testing1\Physical\Config1\X20CP1586\mappServices\Package.pkg"
    LogicalPath="Config1.X20CP1586.mappServices"
    Type="Package"
    LastWriteTime="132968094448614366" />
  <Object
    Path="C:\Users\mcjah\OneDrive\Documents\testing1\Physical\Config1\X20CP1586\mappView\Package.pkg"
    LogicalPath="Config1.X20CP1586.mappView"
    Type="Package"
    LastWriteTime="132968094448624315" />
  <Object
    Path="C:\Users\mcjah\OneDrive\Documents\testing1\Physical\Config1\X20CP1586\mappView\Config.mappviewcfg"
    LogicalPath="Config1.X20CP1586.mappView.Config.mappviewcfg"
    Type="File"
    LastWriteTime="132968094448624315"
    Private="false" />
  <Object
    Path="C:\Users\mcjah\OneDrive\Documents\testing1\Physical\Config1\X20CP1586\mappView\Visualizat.vis"
    LogicalPath="Config1.X20CP1586.mappView.Visualizat.vis"
    Type="File"
    LastWriteTime="132968094448634303"
    Private="false" />
  <Object
    Path="C:\Users\mcjah\OneDrive\Documents\testing1\Physical\Config1\X20CP1586\mappView\Binding.binding"
    LogicalPath="Config1.X20CP1586.mappView.Binding.binding"
    Type="File"
    LastWriteTime="132968094448624315"
    Private="false" />
  <Object
    Path="C:\Users\mcjah\OneDrive\Documents\testing1\Physical\Config1\X20CP1586\mappCockpit\Package.pkg"
    LogicalPath="Config1.X20CP1586.mappCockpit"
    Type="Package"
    LastWriteTime="132968094448604384" />
  <Object
    Path="C:\Users\mcjah\OneDrive\Documents\testing1\Physical\Config1\Hardware.jpg"
    LogicalPath="Config1.Hardware.jpg"
    Type="File"
    LastWriteTime="132968094448474842"
    Private="false" />
</Objects>